2023-05-22 10:50:52.530[info] app start !!
2023-05-22 10:51:51.001[info] app start !!
2023-05-22 11:08:19.769[info] app start !!
2023-05-22 11:08:38.662[info] app start !!
2023-05-22 11:09:34.488[info] app start !!
2023-05-22 11:10:25.734[info] app start !!
2023-05-22 11:10:27.349[error] This message is error
2023-05-22 11:10:27.349[warn] This message is warn
2023-05-22 11:10:27.350[info] This message is info
2023-05-22 11:10:27.350[verbose] This message is verbose
2023-05-22 11:10:27.350[debug] This message is debug
2023-05-22 11:11:59.459[info] app start !!
2023-05-22 11:12:02.016[error] This message is error
2023-05-22 11:12:02.016[warn] This message is warn
2023-05-22 11:12:02.017[info] This message is info
2023-05-22 11:12:02.017[info] This message is 조승민
2023-05-22 11:12:02.017[info] This message is 조승민2
2023-05-22 11:12:02.018[info] This message is info
2023-05-22 11:12:02.018[verbose] This message is verbose
2023-05-22 11:12:02.018[debug] This message is debug
2023-05-22 11:22:50.636[info] app start !!
2023-05-22 11:22:53.577[info] app start !!
