2023-05-15 12:13:48.947[info] app start
2023-05-15 12:13:54.659[info] app start
2023-05-15 12:14:33.073[info] app start
2023-05-15 12:14:43.748[info] app start
2023-05-15 12:14:57.058[error] This message is error
2023-05-15 12:14:57.059[warn] This message is warn
2023-05-15 12:14:57.059[info] This message is info
2023-05-15 12:14:57.059[verbose] This message is verbose
2023-05-15 12:14:57.059[debug] This message is debug
2023-05-15 14:17:31.512[info] app start
2023-05-15 14:17:31.580[error] DB Connection fail Unknown database 'metacamp_dev'
2023-05-15 14:17:36.577[info] app start
2023-05-15 14:17:36.626[error] DB Connection fail Unknown database 'metacamp_dev'
2023-05-15 14:18:56.752[info] app start
2023-05-15 14:18:56.810[info] DB connection success
2023-05-15 14:18:56.825[info] Sequelize sync success
2023-05-15 14:21:17.230[info] app start
2023-05-15 14:21:17.781[info] DB connection success
2023-05-15 14:21:17.787[info] Sequelize sync success
2023-05-15 14:21:34.618[info] app start
2023-05-15 14:21:34.676[info] DB connection success
2023-05-15 14:21:34.681[info] Sequelize sync success
2023-05-15 14:21:38.163[info] app start
2023-05-15 14:21:38.220[info] DB connection success
2023-05-15 14:21:38.225[info] Sequelize sync success
2023-05-15 14:21:50.305[info] app start
2023-05-15 14:21:50.362[info] DB connection success
2023-05-15 14:21:50.368[info] Sequelize sync success
2023-05-15 14:21:54.835[info] app start
2023-05-15 14:21:54.893[info] DB connection success
2023-05-15 14:21:54.897[info] Sequelize sync success
2023-05-15 14:22:13.952[info] app start
2023-05-15 14:22:14.008[info] DB connection success
2023-05-15 14:22:14.013[info] Sequelize sync success
2023-05-15 14:22:15.513[info] app start
2023-05-15 14:22:15.570[info] DB connection success
2023-05-15 14:22:15.575[info] Sequelize sync success
2023-05-15 14:25:09.754[info] (department.reg.params) {"name":"조승민팀","code":"SMCTEAM","description":"테스트 상세설명"}
2023-05-15 14:25:09.777[debug] (departmentService.reg) {"id":1,"name":"조승민팀","code":"SMCTEAM","description":"테스트 상세설명","updatedAt":"2023-05-15T05:25:09.756Z","createdAt":"2023-05-15T05:25:09.756Z"}
2023-05-15 14:25:09.777[info] (department.reg.result) {"id":1,"name":"조승민팀","code":"SMCTEAM","description":"테스트 상세설명","updatedAt":"2023-05-15T05:25:09.756Z","createdAt":"2023-05-15T05:25:09.756Z"}
2023-05-15 14:39:37.699[info] app start
2023-05-15 14:39:37.760[info] DB connection success
2023-05-15 14:39:37.765[info] Sequelize sync success
2023-05-15 14:40:03.856[info] app start
2023-05-15 14:40:03.913[info] DB connection success
2023-05-15 14:40:03.919[info] Sequelize sync success
2023-05-15 14:42:08.521[info] app start
2023-05-15 14:42:08.579[info] DB connection success
2023-05-15 14:42:08.585[info] Sequelize sync success
2023-05-15 14:42:12.342[info] (department.info.params) {"id":"departments"}
2023-05-15 14:42:12.347[debug] (departmentService.info) null
2023-05-15 14:42:12.347[info] (department.info.result) null
2023-05-15 14:42:16.996[info] (department.info.params) {"id":"departments"}
2023-05-15 14:42:16.999[debug] (departmentService.info) null
2023-05-15 14:42:17.000[info] (department.info.result) null
2023-05-15 14:43:39.568[info] (department.info.params) {"id":"departments"}
2023-05-15 14:43:39.574[debug] (departmentService.info) null
2023-05-15 14:43:39.575[info] (department.info.result) null
2023-05-15 14:45:42.686[info] app start
2023-05-15 14:45:42.743[info] DB connection success
2023-05-15 14:45:42.748[info] Sequelize sync success
2023-05-15 14:45:47.125[info] app start
2023-05-15 14:45:47.183[info] DB connection success
2023-05-15 14:45:47.191[info] Sequelize sync success
2023-05-15 14:45:47.790[info] app start
2023-05-15 14:45:47.847[info] DB connection success
2023-05-15 14:45:47.854[info] Sequelize sync success
2023-05-15 14:45:48.285[info] app start
2023-05-15 14:45:48.699[info] app start
2023-05-15 14:45:48.755[info] DB connection success
2023-05-15 14:45:48.759[info] Sequelize sync success
2023-05-15 14:45:49.646[info] app start
2023-05-15 14:45:49.700[info] DB connection success
2023-05-15 14:45:49.705[info] Sequelize sync success
2023-05-15 14:45:50.763[info] app start
2023-05-15 14:45:50.819[info] DB connection success
2023-05-15 14:45:50.824[info] Sequelize sync success
2023-05-15 14:45:53.533[info] app start
2023-05-15 14:45:53.591[info] DB connection success
2023-05-15 14:45:53.596[info] Sequelize sync success
2023-05-15 14:46:59.376[info] app start
2023-05-15 14:46:59.434[info] DB connection success
2023-05-15 14:46:59.439[info] Sequelize sync success
2023-05-15 14:47:01.275[info] app start
2023-05-15 14:47:01.331[info] DB connection success
2023-05-15 14:47:01.336[info] Sequelize sync success
2023-05-15 14:47:04.398[info] (department.reg.params) {"name":"조승민팀","code":"SMCTEAM2","description":"테스트 상세설명"}
2023-05-15 14:47:04.415[debug] (departmentService.reg) {"id":2,"name":"조승민팀","code":"SMCTEAM2","description":"테스트 상세설명","updatedAt":"2023-05-15T05:47:04.399Z","createdAt":"2023-05-15T05:47:04.399Z"}
2023-05-15 14:47:04.416[info] (department.reg.result) {"id":2,"name":"조승민팀","code":"SMCTEAM2","description":"테스트 상세설명","updatedAt":"2023-05-15T05:47:04.399Z","createdAt":"2023-05-15T05:47:04.399Z"}
2023-05-15 14:47:07.334[info] (department.list.params) {"name":""}
2023-05-15 14:47:07.341[debug] (departmentService.list) {"count":2,"rows":[{"id":2,"name":"조승민팀","code":"SMCTEAM2","description":"테스트 상세설명","createdAt":"2023-05-15T05:47:04.000Z","updatedAt":"2023-05-15T05:47:04.000Z","deletedAt":null},{"id":1,"name":"조승민팀2","code":"SMCTEAM","description":"테스트 상세설명","createdAt":"2023-05-15T05:25:09.000Z","updatedAt":"2023-05-15T05:25:09.000Z","deletedAt":null}]}
2023-05-15 14:47:07.341[info] (department.list.result) {"count":2,"rows":[{"id":2,"name":"조승민팀","code":"SMCTEAM2","description":"테스트 상세설명","createdAt":"2023-05-15T05:47:04.000Z","updatedAt":"2023-05-15T05:47:04.000Z","deletedAt":null},{"id":1,"name":"조승민팀2","code":"SMCTEAM","description":"테스트 상세설명","createdAt":"2023-05-15T05:25:09.000Z","updatedAt":"2023-05-15T05:25:09.000Z","deletedAt":null}]}
2023-05-15 14:47:14.765[info] (department.list.params) {"name":["",""]}
2023-05-15 14:47:14.769[debug] (departmentService.list) {"count":0,"rows":[]}
2023-05-15 14:47:14.771[info] (department.list.result) {"count":0,"rows":[]}
2023-05-15 14:47:22.089[info] (department.list.params) {"name":""}
2023-05-15 14:47:22.091[debug] (departmentService.list) {"count":2,"rows":[{"id":2,"name":"조승민팀","code":"SMCTEAM2","description":"테스트 상세설명","createdAt":"2023-05-15T05:47:04.000Z","updatedAt":"2023-05-15T05:47:04.000Z","deletedAt":null},{"id":1,"name":"조승민팀2","code":"SMCTEAM","description":"테스트 상세설명","createdAt":"2023-05-15T05:25:09.000Z","updatedAt":"2023-05-15T05:25:09.000Z","deletedAt":null}]}
2023-05-15 14:47:22.092[info] (department.list.result) {"count":2,"rows":[{"id":2,"name":"조승민팀","code":"SMCTEAM2","description":"테스트 상세설명","createdAt":"2023-05-15T05:47:04.000Z","updatedAt":"2023-05-15T05:47:04.000Z","deletedAt":null},{"id":1,"name":"조승민팀2","code":"SMCTEAM","description":"테스트 상세설명","createdAt":"2023-05-15T05:25:09.000Z","updatedAt":"2023-05-15T05:25:09.000Z","deletedAt":null}]}
2023-05-15 14:47:24.009[info] (department.list.params) {"name":"조승민2"}
2023-05-15 14:47:24.013[debug] (departmentService.list) {"count":0,"rows":[]}
2023-05-15 14:47:24.014[info] (department.list.result) {"count":0,"rows":[]}
2023-05-15 14:47:25.975[info] (department.list.params) {"name":"조승민팀2"}
2023-05-15 14:47:25.979[debug] (departmentService.list) {"count":1,"rows":[{"id":1,"name":"조승민팀2","code":"SMCTEAM","description":"테스트 상세설명","createdAt":"2023-05-15T05:25:09.000Z","updatedAt":"2023-05-15T05:25:09.000Z","deletedAt":null}]}
2023-05-15 14:47:25.979[info] (department.list.result) {"count":1,"rows":[{"id":1,"name":"조승민팀2","code":"SMCTEAM","description":"테스트 상세설명","createdAt":"2023-05-15T05:25:09.000Z","updatedAt":"2023-05-15T05:25:09.000Z","deletedAt":null}]}
2023-05-15 14:47:30.379[info] (department.info.params) {"id":"1"}
2023-05-15 14:47:30.381[debug] (departmentService.info) {"id":1,"name":"조승민팀2","code":"SMCTEAM","description":"테스트 상세설명","createdAt":"2023-05-15T05:25:09.000Z","updatedAt":"2023-05-15T05:25:09.000Z","deletedAt":null}
2023-05-15 14:47:30.382[info] (department.info.result) {"id":1,"name":"조승민팀2","code":"SMCTEAM","description":"테스트 상세설명","createdAt":"2023-05-15T05:25:09.000Z","updatedAt":"2023-05-15T05:25:09.000Z","deletedAt":null}
2023-05-15 14:47:33.157[info] (department.info.params) {"id":"2"}
2023-05-15 14:47:33.159[debug] (departmentService.info) {"id":2,"name":"조승민팀","code":"SMCTEAM2","description":"테스트 상세설명","createdAt":"2023-05-15T05:47:04.000Z","updatedAt":"2023-05-15T05:47:04.000Z","deletedAt":null}
2023-05-15 14:47:33.160[info] (department.info.result) {"id":2,"name":"조승민팀","code":"SMCTEAM2","description":"테스트 상세설명","createdAt":"2023-05-15T05:47:04.000Z","updatedAt":"2023-05-15T05:47:04.000Z","deletedAt":null}
2023-05-15 14:47:34.622[info] (department.info.params) {"id":"1"}
2023-05-15 14:47:34.624[debug] (departmentService.info) {"id":1,"name":"조승민팀2","code":"SMCTEAM","description":"테스트 상세설명","createdAt":"2023-05-15T05:25:09.000Z","updatedAt":"2023-05-15T05:25:09.000Z","deletedAt":null}
2023-05-15 14:47:34.624[info] (department.info.result) {"id":1,"name":"조승민팀2","code":"SMCTEAM","description":"테스트 상세설명","createdAt":"2023-05-15T05:25:09.000Z","updatedAt":"2023-05-15T05:25:09.000Z","deletedAt":null}
2023-05-15 14:47:37.813[info] (department.update.params) {"id":"1","name":"조승민팀","description":"테스트 상세설명2"}
2023-05-15 14:47:37.829[debug] (departmentService.edit) {"updatedCount":1}
2023-05-15 14:47:37.830[info] (department.update.result) {"updatedCount":1}
2023-05-15 14:47:51.873[info] (department.delete.params) {"id":"2"}
2023-05-15 14:47:51.878[debug] (departmentService.delete) {"deletedCount":1}
2023-05-15 14:47:51.879[info] (department.delete.result) {"deletedCount":1}
2023-05-15 14:58:31.465[info] app start
2023-05-15 14:58:31.523[info] DB connection success
2023-05-15 14:58:31.528[info] Sequelize sync success
2023-05-15 14:58:33.300[info] app start
2023-05-15 14:58:33.357[info] DB connection success
2023-05-15 14:58:33.362[info] Sequelize sync success
2023-05-15 14:58:50.277[info] app start
2023-05-15 14:58:50.334[info] DB connection success
2023-05-15 14:58:50.339[info] Sequelize sync success
2023-05-15 14:58:51.746[info] app start
2023-05-15 14:58:51.804[info] DB connection success
2023-05-15 14:58:51.809[info] Sequelize sync success
2023-05-15 14:59:03.148[info] app start
2023-05-15 14:59:03.206[info] DB connection success
2023-05-15 14:59:03.239[info] Sequelize sync success
2023-05-15 15:01:24.228[info] app start
2023-05-15 15:01:24.287[info] DB connection success
2023-05-15 15:01:24.294[info] Sequelize sync success
2023-05-15 15:01:29.379[info] app start
2023-05-15 15:01:29.436[info] DB connection success
2023-05-15 15:01:29.443[info] Sequelize sync success
2023-05-15 15:01:40.144[info] app start
2023-05-15 15:01:40.199[info] DB connection success
2023-05-15 15:01:40.239[info] Sequelize sync success
2023-05-15 15:02:53.131[info] app start
2023-05-15 15:02:53.192[info] DB connection success
2023-05-15 15:02:53.200[info] Sequelize sync success
2023-05-15 15:03:07.206[info] app start
2023-05-15 15:03:07.265[info] DB connection success
2023-05-15 15:03:07.296[info] Sequelize sync success
2023-05-15 15:03:39.459[info] app start
2023-05-15 15:03:39.518[info] DB connection success
2023-05-15 15:03:39.578[info] Sequelize sync success
2023-05-15 15:03:57.153[info] (department.reg.params) {"name":"조승민팀","code":"SMCTEAM","description":"테스트 상세설명"}
2023-05-15 15:03:57.163[debug] (departmentService.reg) {"id":1,"name":"조승민팀","code":"SMCTEAM","description":"테스트 상세설명","updatedAt":"2023-05-15T06:03:57.154Z","createdAt":"2023-05-15T06:03:57.154Z"}
2023-05-15 15:03:57.163[info] (department.reg.result) {"id":1,"name":"조승민팀","code":"SMCTEAM","description":"테스트 상세설명","updatedAt":"2023-05-15T06:03:57.154Z","createdAt":"2023-05-15T06:03:57.154Z"}
2023-05-15 15:05:50.727[info] app start
2023-05-15 15:05:50.783[info] DB connection success
2023-05-15 15:05:50.792[info] Sequelize sync success
2023-05-15 15:06:46.624[info] app start
2023-05-15 15:06:46.681[info] DB connection success
2023-05-15 15:06:46.690[info] Sequelize sync success
2023-05-15 15:06:47.273[info] app start
2023-05-15 15:06:47.332[info] DB connection success
2023-05-15 15:06:47.340[info] Sequelize sync success
2023-05-15 15:07:08.508[info] app start
2023-05-15 15:07:08.564[info] DB connection success
2023-05-15 15:07:08.572[info] Sequelize sync success
2023-05-15 15:07:19.354[info] app start
2023-05-15 15:07:19.412[info] DB connection success
2023-05-15 15:07:19.420[info] Sequelize sync success
2023-05-15 15:07:20.057[info] app start
2023-05-15 15:07:20.115[info] DB connection success
2023-05-15 15:07:20.123[info] Sequelize sync success
2023-05-15 15:07:32.594[info] app start
2023-05-15 15:07:32.656[info] DB connection success
2023-05-15 15:07:32.664[info] Sequelize sync success
2023-05-15 15:07:33.325[info] app start
2023-05-15 15:07:33.383[info] DB connection success
2023-05-15 15:07:33.391[info] Sequelize sync success
2023-05-15 15:07:54.455[info] app start
2023-05-15 15:07:54.513[info] DB connection success
2023-05-15 15:07:54.521[info] Sequelize sync success
2023-05-15 15:08:01.959[info] app start
2023-05-15 15:08:02.015[info] DB connection success
2023-05-15 15:08:02.023[info] Sequelize sync success
2023-05-15 15:09:32.747[info] (user.reg.params) {"departmentId":1,"name":"김개발","userid":"kim","password":"1","role":"member","email":"kim@email.com","phone":"010-1234-5678"}
2023-05-15 15:09:32.767[debug] (userService.reg) {"id":1,"departmentId":1,"name":"김개발","userid":"kim","role":"member","email":"kim@email.com","phone":"010-1234-5678","updatedAt":"2023-05-15T06:09:32.748Z","createdAt":"2023-05-15T06:09:32.748Z"}
2023-05-15 15:09:32.768[info] (user.reg.result) {"id":1,"departmentId":1,"name":"김개발","userid":"kim","role":"member","email":"kim@email.com","phone":"010-1234-5678","updatedAt":"2023-05-15T06:09:32.748Z","createdAt":"2023-05-15T06:09:32.748Z"}
2023-05-15 15:09:36.584[info] (user.list.params) {"name":""}
2023-05-15 15:09:36.597[debug] (userService.list) {"count":1,"rows":[{"id":1,"departmentId":1,"name":"김개발","userid":"kim","role":"member","email":"kim@email.com","phone":"010-1234-5678","updatedPwDate":null,"createdAt":"2023-05-15T06:09:32.000Z","updatedAt":"2023-05-15T06:09:32.000Z","deletedAt":null,"Department":{"id":1,"name":"조승민팀","code":"SMCTEAM","description":"테스트 상세설명","createdAt":"2023-05-15T06:03:57.000Z","updatedAt":"2023-05-15T06:03:57.000Z","deletedAt":null}}]}
2023-05-15 15:09:36.597[info] (user.list.result) {"count":1,"rows":[{"id":1,"departmentId":1,"name":"김개발","userid":"kim","role":"member","email":"kim@email.com","phone":"010-1234-5678","updatedPwDate":null,"createdAt":"2023-05-15T06:09:32.000Z","updatedAt":"2023-05-15T06:09:32.000Z","deletedAt":null,"Department":{"id":1,"name":"조승민팀","code":"SMCTEAM","description":"테스트 상세설명","createdAt":"2023-05-15T06:03:57.000Z","updatedAt":"2023-05-15T06:03:57.000Z","deletedAt":null}}]}
2023-05-15 15:09:46.195[info] (user.list.params) {"name":"","userid":"test"}
2023-05-15 15:09:46.199[debug] (userService.list) {"count":0,"rows":[]}
2023-05-15 15:09:46.200[info] (user.list.result) {"count":0,"rows":[]}
2023-05-15 15:09:47.820[info] (user.list.params) {"name":"","userid":""}
2023-05-15 15:09:47.824[debug] (userService.list) {"count":1,"rows":[{"id":1,"departmentId":1,"name":"김개발","userid":"kim","role":"member","email":"kim@email.com","phone":"010-1234-5678","updatedPwDate":null,"createdAt":"2023-05-15T06:09:32.000Z","updatedAt":"2023-05-15T06:09:32.000Z","deletedAt":null,"Department":{"id":1,"name":"조승민팀","code":"SMCTEAM","description":"테스트 상세설명","createdAt":"2023-05-15T06:03:57.000Z","updatedAt":"2023-05-15T06:03:57.000Z","deletedAt":null}}]}
2023-05-15 15:09:47.824[info] (user.list.result) {"count":1,"rows":[{"id":1,"departmentId":1,"name":"김개발","userid":"kim","role":"member","email":"kim@email.com","phone":"010-1234-5678","updatedPwDate":null,"createdAt":"2023-05-15T06:09:32.000Z","updatedAt":"2023-05-15T06:09:32.000Z","deletedAt":null,"Department":{"id":1,"name":"조승민팀","code":"SMCTEAM","description":"테스트 상세설명","createdAt":"2023-05-15T06:03:57.000Z","updatedAt":"2023-05-15T06:03:57.000Z","deletedAt":null}}]}
2023-05-15 15:09:53.679[info] (user.list.params) {"name":"","userid":"kim"}
2023-05-15 15:09:53.683[debug] (userService.list) {"count":1,"rows":[{"id":1,"departmentId":1,"name":"김개발","userid":"kim","role":"member","email":"kim@email.com","phone":"010-1234-5678","updatedPwDate":null,"createdAt":"2023-05-15T06:09:32.000Z","updatedAt":"2023-05-15T06:09:32.000Z","deletedAt":null,"Department":{"id":1,"name":"조승민팀","code":"SMCTEAM","description":"테스트 상세설명","createdAt":"2023-05-15T06:03:57.000Z","updatedAt":"2023-05-15T06:03:57.000Z","deletedAt":null}}]}
2023-05-15 15:09:53.683[info] (user.list.result) {"count":1,"rows":[{"id":1,"departmentId":1,"name":"김개발","userid":"kim","role":"member","email":"kim@email.com","phone":"010-1234-5678","updatedPwDate":null,"createdAt":"2023-05-15T06:09:32.000Z","updatedAt":"2023-05-15T06:09:32.000Z","deletedAt":null,"Department":{"id":1,"name":"조승민팀","code":"SMCTEAM","description":"테스트 상세설명","createdAt":"2023-05-15T06:03:57.000Z","updatedAt":"2023-05-15T06:03:57.000Z","deletedAt":null}}]}
2023-05-15 15:48:46.954[info] app start
2023-05-15 15:48:47.026[info] DB connection success
2023-05-15 15:48:47.037[info] Sequelize sync success
2023-05-15 15:49:15.117[info] (auth.token.params) {}
2023-05-15 15:49:15.117[error] Error: Not allowed null (userid, password)
2023-05-15 15:49:15.121[error] (userService.login) Error: WHERE parameter "userid" has invalid "undefined" value
2023-05-15 15:49:40.238[info] (auth.token.params) {"userid":"kim","password":"1"}
2023-05-15 15:49:40.243[debug] (userService.login) {"id":1,"userid":"kim","password":"1","name":"김개발","role":"member"}
2023-05-15 15:49:40.244[debug] (userService.checkPassword) false
2023-05-15 15:49:40.244[error] Error: Incorect userid or password
2023-05-15 15:49:43.234[info] (auth.token.params) {"userid":"kim","password":"1"}
2023-05-15 15:49:43.236[debug] (userService.login) {"id":1,"userid":"kim","password":"1","name":"김개발","role":"member"}
2023-05-15 15:49:43.237[debug] (userService.checkPassword) false
2023-05-15 15:49:43.237[error] Error: Incorect userid or password
2023-05-15 15:50:06.174[info] (user.reg.params) {"departmentId":1,"name":"김개발","userid":"kim","password":"1q2w3e4r%T","role":"member","email":"kim@email.com","phone":"010-1234-5678"}
2023-05-15 15:50:06.175[debug] (userService.makePassword) "1q2w3e4r%T"
2023-05-15 15:50:06.185[error] (userService.reg) SequelizeUniqueConstraintError: Validation error
2023-05-15 15:50:14.840[info] (user.reg.params) {"departmentId":1,"name":"김개발","userid":"kim2","password":"1q2w3e4r%T","role":"member","email":"kim@email.com","phone":"010-1234-5678"}
2023-05-15 15:50:14.841[debug] (userService.makePassword) "1q2w3e4r%T"
2023-05-15 15:50:14.845[debug] (userService.reg) {"id":3,"departmentId":1,"name":"김개발","userid":"kim2","role":"member","email":"kim@email.com","phone":"010-1234-5678","updatedAt":"2023-05-15T06:50:14.841Z","createdAt":"2023-05-15T06:50:14.841Z"}
2023-05-15 15:50:14.845[info] (user.reg.result) {"id":3,"departmentId":1,"name":"김개발","userid":"kim2","role":"member","email":"kim@email.com","phone":"010-1234-5678","updatedAt":"2023-05-15T06:50:14.841Z","createdAt":"2023-05-15T06:50:14.841Z"}
2023-05-15 15:50:21.707[info] (auth.token.params) {"userid":"kim2","password":"1q2w3e4r%T"}
2023-05-15 15:50:21.709[debug] (userService.login) {"id":3,"userid":"kim2","password":"rhPe9jqb5RcSgc/U+Mi1h8NMTbZbwgmW9bzmFJkIWJGwRh4ISKF0akg7Kv1vY57Xn4pSA2m6RvzlGduz/ZG2cw==.7dbe6a9d25012295918f920c632a210cd211573ef23148f6591c772c673b32ffdba8bb07c22c81d32444da2b82afef8bd87b3f7b995f44db37df87228cded661","name":"김개발","role":"member"}
2023-05-15 15:50:21.710[debug] (userService.checkPassword) true
2023-05-15 15:50:21.710[info] (auth.token.result) {"id":3,"userid":"kim2","password":"rhPe9jqb5RcSgc/U+Mi1h8NMTbZbwgmW9bzmFJkIWJGwRh4ISKF0akg7Kv1vY57Xn4pSA2m6RvzlGduz/ZG2cw==.7dbe6a9d25012295918f920c632a210cd211573ef23148f6591c772c673b32ffdba8bb07c22c81d32444da2b82afef8bd87b3f7b995f44db37df87228cded661","name":"김개발","role":"member"}
2023-05-15 15:50:45.047[info] (department.list.params) {"name":"조승민팀2"}
2023-05-15 15:50:45.055[debug] (departmentService.list) {"count":0,"rows":[]}
2023-05-15 15:50:45.055[info] (department.list.result) {"count":0,"rows":[]}
2023-05-15 15:52:13.372[info] app start
2023-05-15 15:52:13.427[info] DB connection success
2023-05-15 15:52:13.436[info] Sequelize sync success
2023-05-15 15:52:20.581[info] app start
2023-05-15 15:52:20.637[info] DB connection success
2023-05-15 15:52:20.645[info] Sequelize sync success
2023-05-15 15:52:28.415[info] app start
2023-05-15 15:52:28.470[info] DB connection success
2023-05-15 15:52:28.477[info] Sequelize sync success
2023-05-15 15:52:34.514[info] app start
2023-05-15 15:52:34.572[info] DB connection success
2023-05-15 15:52:34.579[info] Sequelize sync success
2023-05-15 15:52:39.460[error] Error: Unauthorized token
2023-05-15 15:52:40.392[error] Error: Unauthorized token
2023-05-15 15:52:48.974[info] (department.list.params) {"name":"조승민팀2"}
2023-05-15 15:52:48.985[debug] (departmentService.list) {"count":0,"rows":[]}
2023-05-15 15:52:48.985[info] (department.list.result) {"count":0,"rows":[]}
2023-05-15 15:53:43.774[error] Error: Unauthorized token
2023-05-15 15:54:09.042[info] (department.list.params) {"name":"조승민팀2"}
2023-05-15 15:54:09.051[debug] (departmentService.list) {"count":0,"rows":[]}
2023-05-15 15:54:09.051[info] (department.list.result) {"count":0,"rows":[]}
2023-05-15 15:54:13.900[error] Error: Unauthorized token
2023-05-15 15:55:31.009[info] (auth.token.params) {"userid":"kim2","password":"1q2w3e4r%T"}
2023-05-15 15:55:31.014[debug] (userService.login) {"id":3,"userid":"kim2","password":"rhPe9jqb5RcSgc/U+Mi1h8NMTbZbwgmW9bzmFJkIWJGwRh4ISKF0akg7Kv1vY57Xn4pSA2m6RvzlGduz/ZG2cw==.7dbe6a9d25012295918f920c632a210cd211573ef23148f6591c772c673b32ffdba8bb07c22c81d32444da2b82afef8bd87b3f7b995f44db37df87228cded661","name":"김개발","role":"member"}
2023-05-15 15:55:31.015[debug] (userService.checkPassword) true
2023-05-15 15:55:31.015[info] (auth.token.result) {"id":3,"userid":"kim2","password":"rhPe9jqb5RcSgc/U+Mi1h8NMTbZbwgmW9bzmFJkIWJGwRh4ISKF0akg7Kv1vY57Xn4pSA2m6RvzlGduz/ZG2cw==.7dbe6a9d25012295918f920c632a210cd211573ef23148f6591c772c673b32ffdba8bb07c22c81d32444da2b82afef8bd87b3f7b995f44db37df87228cded661","name":"김개발","role":"member"}
2023-05-15 15:56:10.973[info] app start
2023-05-15 15:56:11.028[info] DB connection success
2023-05-15 15:56:11.036[info] Sequelize sync success
2023-05-15 15:58:28.707[info] app start
2023-05-15 15:58:28.762[info] DB connection success
2023-05-15 15:58:28.771[info] Sequelize sync success
2023-05-15 15:58:31.649[info] app start
2023-05-15 15:58:31.704[info] DB connection success
2023-05-15 15:58:31.711[info] Sequelize sync success
2023-05-15 15:59:07.984[info] app start
2023-05-15 15:59:08.039[info] DB connection success
2023-05-15 15:59:08.046[info] Sequelize sync success
2023-05-15 15:59:47.081[info] app start
2023-05-15 15:59:47.134[info] DB connection success
2023-05-15 15:59:47.141[info] Sequelize sync success
2023-05-15 16:00:32.085[info] app start
2023-05-15 16:00:32.139[info] DB connection success
2023-05-15 16:00:32.146[info] Sequelize sync success
2023-05-15 16:00:43.458[info] app start
2023-05-15 16:00:43.512[info] DB connection success
2023-05-15 16:00:43.520[info] Sequelize sync success
2023-05-15 16:00:56.995[info] app start
2023-05-15 16:00:57.049[info] DB connection success
2023-05-15 16:00:57.056[info] Sequelize sync success
2023-05-15 16:01:14.604[info] app start
2023-05-15 16:01:14.659[info] DB connection success
2023-05-15 16:01:14.686[info] Sequelize sync success
2023-05-15 16:02:00.386[info] app start
2023-05-15 16:02:00.445[info] DB connection success
2023-05-15 16:02:00.456[info] Sequelize sync success
2023-05-15 16:02:02.494[info] app start
2023-05-15 16:02:02.549[info] DB connection success
2023-05-15 16:02:02.559[info] Sequelize sync success
2023-05-15 16:02:17.790[info] app start
2023-05-15 16:02:17.843[info] DB connection success
2023-05-15 16:02:17.853[info] Sequelize sync success
2023-05-15 16:02:57.594[info] app start
2023-05-15 16:02:57.648[info] DB connection success
2023-05-15 16:02:57.657[info] Sequelize sync success
2023-05-15 16:03:13.270[info] app start
2023-05-15 16:03:13.325[info] DB connection success
2023-05-15 16:03:13.335[info] Sequelize sync success
2023-05-15 16:03:16.371[info] app start
2023-05-15 16:03:16.423[info] DB connection success
2023-05-15 16:03:16.432[info] Sequelize sync success
2023-05-15 16:03:26.064[info] app start
2023-05-15 16:03:26.118[info] DB connection success
2023-05-15 16:03:26.127[info] Sequelize sync success
2023-05-15 16:03:39.683[info] app start
2023-05-15 16:03:39.737[info] DB connection success
2023-05-15 16:03:39.746[info] Sequelize sync success
2023-05-15 16:03:43.085[info] app start
2023-05-15 16:03:43.138[info] DB connection success
2023-05-15 16:03:43.147[info] Sequelize sync success
2023-05-15 16:04:52.099[info] app start
2023-05-15 16:04:52.152[info] DB connection success
2023-05-15 16:04:52.161[info] Sequelize sync success
2023-05-15 16:05:04.212[info] app start
2023-05-15 16:05:04.266[info] DB connection success
2023-05-15 16:05:04.274[info] Sequelize sync success
2023-05-15 16:06:07.197[info] app start
2023-05-15 16:06:07.250[info] DB connection success
2023-05-15 16:06:07.259[info] Sequelize sync success
2023-05-15 16:06:17.128[info] app start
2023-05-15 16:06:17.182[info] DB connection success
2023-05-15 16:06:17.191[info] Sequelize sync success
2023-05-15 16:06:21.359[info] app start
2023-05-15 16:06:21.411[info] DB connection success
2023-05-15 16:06:21.420[info] Sequelize sync success
2023-05-15 16:06:31.843[info] app start
2023-05-15 16:06:31.896[info] DB connection success
2023-05-15 16:06:31.906[info] Sequelize sync success
2023-05-15 16:06:42.753[info] app start
2023-05-15 16:06:42.807[info] DB connection success
2023-05-15 16:06:42.816[info] Sequelize sync success
2023-05-15 16:06:53.181[info] app start
2023-05-15 16:06:53.235[info] DB connection success
2023-05-15 16:06:53.244[info] Sequelize sync success
2023-05-15 16:07:48.777[info] app start
2023-05-15 16:07:48.831[info] DB connection success
2023-05-15 16:07:48.841[info] Sequelize sync success
2023-05-15 16:08:03.002[info] app start
2023-05-15 16:08:03.055[info] DB connection success
2023-05-15 16:08:03.064[info] Sequelize sync success
2023-05-15 16:08:08.426[info] app start
2023-05-15 16:08:08.481[info] DB connection success
2023-05-15 16:08:08.490[info] Sequelize sync success
2023-05-15 16:08:11.078[info] app start
2023-05-15 16:08:11.131[info] DB connection success
2023-05-15 16:08:11.140[info] Sequelize sync success
2023-05-15 16:09:16.554[info] app start
2023-05-15 16:09:16.609[info] DB connection success
2023-05-15 16:09:16.618[info] Sequelize sync success
2023-05-15 16:10:27.701[info] app start
2023-05-15 16:10:27.757[info] DB connection success
2023-05-15 16:10:27.766[info] Sequelize sync success
2023-05-15 16:10:30.578[info] (post.reg.params) {"title":"조승민의 첫번째 게시글","content":"게시글 내용"}
2023-05-15 16:10:30.578[error] Error: Not allowed null (name)
2023-05-15 16:10:30.598[debug] (postService.reg) {"viewCount":0,"id":1,"title":"조승민의 첫번째 게시글","content":"게시글 내용","updatedAt":"2023-05-15T07:10:30.582Z","createdAt":"2023-05-15T07:10:30.582Z"}
2023-05-15 16:10:30.599[info] (post.reg.result) {"viewCount":0,"id":1,"title":"조승민의 첫번째 게시글","content":"게시글 내용","updatedAt":"2023-05-15T07:10:30.582Z","createdAt":"2023-05-15T07:10:30.582Z"}
2023-05-15 16:10:40.365[info] app start
2023-05-15 16:10:40.421[info] DB connection success
2023-05-15 16:10:40.431[info] Sequelize sync success
2023-05-15 16:10:41.426[info] (post.reg.params) {"title":"조승민의 첫번째 게시글","content":"게시글 내용"}
2023-05-15 16:10:41.434[debug] (postService.reg) {"viewCount":0,"id":2,"title":"조승민의 첫번째 게시글","content":"게시글 내용","updatedAt":"2023-05-15T07:10:41.427Z","createdAt":"2023-05-15T07:10:41.427Z"}
2023-05-15 16:10:41.434[info] (post.reg.result) {"viewCount":0,"id":2,"title":"조승민의 첫번째 게시글","content":"게시글 내용","updatedAt":"2023-05-15T07:10:41.427Z","createdAt":"2023-05-15T07:10:41.427Z"}
2023-05-15 16:11:13.534[info] app start
2023-05-15 16:11:13.591[info] DB connection success
2023-05-15 16:11:13.600[info] Sequelize sync success
2023-05-15 16:11:15.927[info] (post.reg.params) {"title":"조승민의 첫번째 게시글","content":"게시글 내용"}
2023-05-15 16:11:15.935[debug] (postService.reg) {"viewCount":0,"id":3,"title":"조승민의 첫번째 게시글","content":"게시글 내용","updatedAt":"2023-05-15T07:11:15.928Z","createdAt":"2023-05-15T07:11:15.928Z"}
2023-05-15 16:11:15.935[info] (post.reg.result) {"viewCount":0,"id":3,"title":"조승민의 첫번째 게시글","content":"게시글 내용","updatedAt":"2023-05-15T07:11:15.928Z","createdAt":"2023-05-15T07:11:15.928Z"}
2023-05-15 16:11:49.623[info] app start
2023-05-15 16:11:49.678[info] DB connection success
2023-05-15 16:11:49.691[info] Sequelize sync success
2023-05-15 16:11:59.605[info] app start
2023-05-15 16:11:59.660[info] DB connection success
2023-05-15 16:11:59.671[info] Sequelize sync success
2023-05-15 16:12:03.098[info] app start
2023-05-15 16:12:03.152[info] DB connection success
2023-05-15 16:12:03.161[info] Sequelize sync success
2023-05-15 16:12:13.247[info] app start
2023-05-15 16:12:13.302[info] DB connection success
2023-05-15 16:12:13.311[info] Sequelize sync success
2023-05-15 16:12:20.914[info] app start
2023-05-15 16:12:20.969[info] DB connection success
2023-05-15 16:12:20.978[info] Sequelize sync success
2023-05-15 16:12:23.542[info] app start
2023-05-15 16:12:23.596[info] DB connection success
2023-05-15 16:12:23.605[info] Sequelize sync success
2023-05-15 16:12:39.999[info] app start
2023-05-15 16:12:40.055[info] DB connection success
2023-05-15 16:12:40.065[info] Sequelize sync success
2023-05-15 16:13:19.721[info] app start
2023-05-15 16:13:19.777[info] DB connection success
2023-05-15 16:13:19.787[info] Sequelize sync success
2023-05-15 16:13:24.334[info] app start
2023-05-15 16:13:24.390[info] DB connection success
2023-05-15 16:13:24.400[info] Sequelize sync success
2023-05-15 16:13:42.570[info] app start
2023-05-15 16:13:42.625[info] DB connection success
2023-05-15 16:13:42.635[info] Sequelize sync success
2023-05-15 16:13:45.502[info] app start
2023-05-15 16:13:45.556[info] DB connection success
2023-05-15 16:13:45.565[info] Sequelize sync success
2023-05-15 16:14:05.162[info] app start
2023-05-15 16:14:05.217[info] DB connection success
2023-05-15 16:14:05.226[info] Sequelize sync success
2023-05-15 16:14:06.747[info] (post.reg.params) {"title":"조승민의 첫번째 게시글","content":"게시글 내용"}
2023-05-15 16:14:06.754[debug] (postService.reg) {"viewCount":0,"id":4,"title":"조승민의 첫번째 게시글","content":"게시글 내용","updatedAt":"2023-05-15T07:14:06.749Z","createdAt":"2023-05-15T07:14:06.749Z"}
2023-05-15 16:14:06.754[info] (post.reg.result) {"viewCount":0,"id":4,"title":"조승민의 첫번째 게시글","content":"게시글 내용","updatedAt":"2023-05-15T07:14:06.749Z","createdAt":"2023-05-15T07:14:06.749Z"}
2023-05-15 16:14:43.852[info] app start
2023-05-15 16:14:43.907[info] DB connection success
2023-05-15 16:14:43.917[info] Sequelize sync success
2023-05-15 16:14:53.497[info] app start
2023-05-15 16:14:53.552[info] DB connection success
2023-05-15 16:14:53.562[info] Sequelize sync success
2023-05-15 16:14:55.846[info] (post.reg.params) {"title":"조승민의 첫번째 게시글","content":"게시글 내용"}
2023-05-15 16:14:55.864[debug] (postService.reg) {"viewCount":0,"id":5,"title":"조승민의 첫번째 게시글","content":"게시글 내용","updatedAt":"2023-05-15T07:14:55.848Z","createdAt":"2023-05-15T07:14:55.848Z"}
2023-05-15 16:14:55.865[info] (post.reg.result) {"viewCount":0,"id":5,"title":"조승민의 첫번째 게시글","content":"게시글 내용","updatedAt":"2023-05-15T07:14:55.848Z","createdAt":"2023-05-15T07:14:55.848Z"}
2023-05-15 16:15:09.769[info] app start
2023-05-15 16:15:09.823[info] DB connection success
2023-05-15 16:15:09.832[info] Sequelize sync success
2023-05-15 16:15:42.077[info] (post.reg.params) {"title":"조승민의 첫번째 게시글","content":"게시글 내용"}
2023-05-15 16:15:42.099[debug] (postService.reg) {"viewCount":0,"id":6,"title":"조승민의 첫번째 게시글","content":"게시글 내용","updatedAt":"2023-05-15T07:15:42.079Z","createdAt":"2023-05-15T07:15:42.079Z"}
2023-05-15 16:15:42.100[info] (post.reg.result) {"viewCount":0,"id":6,"title":"조승민의 첫번째 게시글","content":"게시글 내용","updatedAt":"2023-05-15T07:15:42.079Z","createdAt":"2023-05-15T07:15:42.079Z"}
2023-05-15 16:17:01.537[info] app start
2023-05-15 16:17:01.594[info] DB connection success
2023-05-15 16:17:01.604[info] Sequelize sync success
2023-05-15 16:17:04.521[info] (post.reg.params) {"title":"조승민의 첫번째 게시글","content":"게시글 내용"}
2023-05-15 16:17:04.528[debug] (postService.reg) {"viewCount":0,"id":7,"title":"조승민의 첫번째 게시글","content":"게시글 내용","updatedAt":"2023-05-15T07:17:04.522Z","createdAt":"2023-05-15T07:17:04.522Z"}
2023-05-15 16:17:04.528[info] (post.reg.result) {"viewCount":0,"id":7,"title":"조승민의 첫번째 게시글","content":"게시글 내용","updatedAt":"2023-05-15T07:17:04.522Z","createdAt":"2023-05-15T07:17:04.522Z"}
2023-05-15 16:17:10.352[info] app start
2023-05-15 16:17:10.407[info] DB connection success
2023-05-15 16:17:10.418[info] Sequelize sync success
2023-05-15 16:17:11.236[info] (post.reg.params) {"title":"조승민의 첫번째 게시글","content":"게시글 내용"}
2023-05-15 16:17:11.242[debug] (postService.reg) {"viewCount":0,"id":8,"title":"조승민의 첫번째 게시글","content":"게시글 내용","updatedAt":"2023-05-15T07:17:11.237Z","createdAt":"2023-05-15T07:17:11.237Z"}
2023-05-15 16:17:11.243[info] (post.reg.result) {"viewCount":0,"id":8,"title":"조승민의 첫번째 게시글","content":"게시글 내용","updatedAt":"2023-05-15T07:17:11.237Z","createdAt":"2023-05-15T07:17:11.237Z"}
2023-05-15 16:18:22.711[info] app start
2023-05-15 16:18:22.767[info] DB connection success
2023-05-15 16:18:22.777[info] Sequelize sync success
2023-05-15 16:18:25.734[info] app start
2023-05-15 16:18:25.788[info] DB connection success
2023-05-15 16:18:25.796[info] Sequelize sync success
2023-05-15 16:18:28.316[info] (post.reg.params) {"title":"조승민의 첫번째 게시글","content":"게시글 내용"}
2023-05-15 16:18:28.334[debug] (postService.reg) {"viewCount":0,"id":9,"title":"조승민의 첫번째 게시글","content":"게시글 내용","updatedAt":"2023-05-15T07:18:28.317Z","createdAt":"2023-05-15T07:18:28.317Z"}
2023-05-15 16:18:28.334[info] (post.reg.result) {"viewCount":0,"id":9,"title":"조승민의 첫번째 게시글","content":"게시글 내용","updatedAt":"2023-05-15T07:18:28.317Z","createdAt":"2023-05-15T07:18:28.317Z"}
2023-05-15 16:18:42.047[info] app start
2023-05-15 16:18:42.101[info] DB connection success
2023-05-15 16:18:42.110[info] Sequelize sync success
2023-05-15 16:18:47.073[info] (post.reg.params) {"title":"조승민의 첫번째 게시글","content":"게시글 내용"}
2023-05-15 16:18:47.080[debug] (postService.reg) {"viewCount":0,"id":10,"title":"조승민의 첫번째 게시글","content":"게시글 내용","updatedAt":"2023-05-15T07:18:47.075Z","createdAt":"2023-05-15T07:18:47.075Z"}
2023-05-15 16:18:47.080[info] (post.reg.result) {"viewCount":0,"id":10,"title":"조승민의 첫번째 게시글","content":"게시글 내용","updatedAt":"2023-05-15T07:18:47.075Z","createdAt":"2023-05-15T07:18:47.075Z"}
2023-05-15 16:18:52.084[info] app start
2023-05-15 16:18:52.138[info] DB connection success
2023-05-15 16:18:52.148[info] Sequelize sync success
2023-05-15 16:18:54.249[info] (post.reg.params) {"title":"조승민의 첫번째 게시글","content":"게시글 내용"}
2023-05-15 16:18:54.256[debug] (postService.reg) {"viewCount":0,"id":11,"title":"조승민의 첫번째 게시글","content":"게시글 내용","updatedAt":"2023-05-15T07:18:54.250Z","createdAt":"2023-05-15T07:18:54.250Z"}
2023-05-15 16:18:54.256[info] (post.reg.result) {"viewCount":0,"id":11,"title":"조승민의 첫번째 게시글","content":"게시글 내용","updatedAt":"2023-05-15T07:18:54.250Z","createdAt":"2023-05-15T07:18:54.250Z"}
2023-05-15 16:18:56.940[info] (post.reg.params) {"title":"조승민의 첫번째 게시글","content":"게시글 내용"}
2023-05-15 16:18:56.954[debug] (postService.reg) {"viewCount":0,"id":12,"title":"조승민의 첫번째 게시글","content":"게시글 내용","updatedAt":"2023-05-15T07:18:56.941Z","createdAt":"2023-05-15T07:18:56.941Z"}
2023-05-15 16:18:56.954[info] (post.reg.result) {"viewCount":0,"id":12,"title":"조승민의 첫번째 게시글","content":"게시글 내용","updatedAt":"2023-05-15T07:18:56.941Z","createdAt":"2023-05-15T07:18:56.941Z"}
2023-05-15 16:18:59.873[info] app start
2023-05-15 16:18:59.928[info] DB connection success
2023-05-15 16:18:59.937[info] Sequelize sync success
2023-05-15 16:19:02.583[info] app start
2023-05-15 16:19:02.640[info] DB connection success
2023-05-15 16:19:02.650[info] Sequelize sync success
2023-05-15 16:19:03.231[info] (post.reg.params) {"title":"조승민의 첫번째 게시글","content":"게시글 내용"}
2023-05-15 16:19:03.243[debug] (postService.reg) {"viewCount":0,"id":13,"title":"조승민의 첫번째 게시글","content":"게시글 내용","updatedAt":"2023-05-15T07:19:03.232Z","createdAt":"2023-05-15T07:19:03.232Z"}
2023-05-15 16:19:03.244[info] (post.reg.result) {"viewCount":0,"id":13,"title":"조승민의 첫번째 게시글","content":"게시글 내용","updatedAt":"2023-05-15T07:19:03.232Z","createdAt":"2023-05-15T07:19:03.232Z"}
2023-05-15 16:19:05.634[info] (post.reg.params) {"title":"조승민의 첫번째 게시글","content":"게시글 내용"}
2023-05-15 16:19:05.648[debug] (postService.reg) {"viewCount":0,"id":14,"title":"조승민의 첫번째 게시글","content":"게시글 내용","updatedAt":"2023-05-15T07:19:05.634Z","createdAt":"2023-05-15T07:19:05.634Z"}
2023-05-15 16:19:05.649[info] (post.reg.result) {"viewCount":0,"id":14,"title":"조승민의 첫번째 게시글","content":"게시글 내용","updatedAt":"2023-05-15T07:19:05.634Z","createdAt":"2023-05-15T07:19:05.634Z"}
2023-05-15 16:19:56.542[info] app start
2023-05-15 16:19:56.596[info] DB connection success
2023-05-15 16:19:56.605[info] Sequelize sync success
2023-05-15 16:19:59.165[info] app start
2023-05-15 16:19:59.221[info] DB connection success
2023-05-15 16:19:59.230[info] Sequelize sync success
2023-05-15 16:20:02.449[info] app start
2023-05-15 16:20:02.508[info] DB connection success
2023-05-15 16:20:02.519[info] Sequelize sync success
2023-05-15 16:20:04.563[info] (post.reg.params) {"title":"조승민의 첫번째 게시글","content":"게시글 내용"}
2023-05-15 16:20:04.579[debug] (postService.reg) {"viewCount":0,"id":15,"title":"조승민의 첫번째 게시글","content":"게시글 내용","updatedAt":"2023-05-15T07:20:04.564Z","createdAt":"2023-05-15T07:20:04.564Z"}
2023-05-15 16:20:04.580[info] (post.reg.result) {"viewCount":0,"id":15,"title":"조승민의 첫번째 게시글","content":"게시글 내용","updatedAt":"2023-05-15T07:20:04.564Z","createdAt":"2023-05-15T07:20:04.564Z"}
2023-05-15 16:20:13.716[info] app start
2023-05-15 16:20:13.771[info] DB connection success
2023-05-15 16:20:13.780[info] Sequelize sync success
2023-05-15 16:20:17.105[info] app start
2023-05-15 16:20:17.160[info] DB connection success
2023-05-15 16:20:17.170[info] Sequelize sync success
2023-05-15 16:20:18.148[info] (post.reg.params) {"title":"조승민의 첫번째 게시글","content":"게시글 내용"}
2023-05-15 16:20:18.155[debug] (postService.reg) {"viewCount":0,"id":16,"title":"조승민의 첫번째 게시글","content":"게시글 내용","updatedAt":"2023-05-15T07:20:18.150Z","createdAt":"2023-05-15T07:20:18.150Z"}
2023-05-15 16:20:18.156[info] (post.reg.result) {"viewCount":0,"id":16,"title":"조승민의 첫번째 게시글","content":"게시글 내용","updatedAt":"2023-05-15T07:20:18.150Z","createdAt":"2023-05-15T07:20:18.150Z"}
2023-05-15 16:20:35.908[info] app start
2023-05-15 16:20:35.961[info] DB connection success
2023-05-15 16:20:35.971[info] Sequelize sync success
2023-05-15 16:20:39.365[info] (post.reg.params) {"title":"조승민의 첫번째 게시글","content":"게시글 내용"}
2023-05-15 16:20:39.372[debug] (postService.reg) {"viewCount":0,"id":17,"title":"조승민의 첫번째 게시글","content":"게시글 내용","updatedAt":"2023-05-15T07:20:39.367Z","createdAt":"2023-05-15T07:20:39.367Z"}
2023-05-15 16:20:39.373[info] (post.reg.result) {"viewCount":0,"id":17,"title":"조승민의 첫번째 게시글","content":"게시글 내용","updatedAt":"2023-05-15T07:20:39.367Z","createdAt":"2023-05-15T07:20:39.367Z"}
2023-05-15 16:20:41.856[info] (post.reg.params) {"title":"조승민의 첫번째 게시글","content":"게시글 내용"}
2023-05-15 16:20:41.870[debug] (postService.reg) {"viewCount":0,"id":18,"title":"조승민의 첫번째 게시글","content":"게시글 내용","updatedAt":"2023-05-15T07:20:41.856Z","createdAt":"2023-05-15T07:20:41.856Z"}
2023-05-15 16:20:41.870[info] (post.reg.result) {"viewCount":0,"id":18,"title":"조승민의 첫번째 게시글","content":"게시글 내용","updatedAt":"2023-05-15T07:20:41.856Z","createdAt":"2023-05-15T07:20:41.856Z"}
2023-05-15 16:20:44.608[info] app start
2023-05-15 16:20:44.662[info] DB connection success
2023-05-15 16:20:44.671[info] Sequelize sync success
2023-05-15 16:20:46.302[info] (post.reg.params) {"title":"조승민의 첫번째 게시글","content":"게시글 내용"}
2023-05-15 16:20:46.309[debug] (postService.reg) {"viewCount":0,"id":19,"title":"조승민의 첫번째 게시글","content":"게시글 내용","updatedAt":"2023-05-15T07:20:46.304Z","createdAt":"2023-05-15T07:20:46.304Z"}
2023-05-15 16:20:46.309[info] (post.reg.result) {"viewCount":0,"id":19,"title":"조승민의 첫번째 게시글","content":"게시글 내용","updatedAt":"2023-05-15T07:20:46.304Z","createdAt":"2023-05-15T07:20:46.304Z"}
2023-05-15 16:21:10.392[info] app start
2023-05-15 16:21:10.447[info] DB connection success
2023-05-15 16:21:10.457[info] Sequelize sync success
2023-05-15 16:21:12.053[info] app start
2023-05-15 16:21:12.108[info] DB connection success
2023-05-15 16:21:12.118[info] Sequelize sync success
2023-05-15 16:21:39.598[info] app start
2023-05-15 16:21:39.654[info] DB connection success
2023-05-15 16:21:39.662[info] Sequelize sync success
2023-05-15 16:21:52.910[info] app start
2023-05-15 16:21:52.965[info] DB connection success
2023-05-15 16:21:52.974[info] Sequelize sync success
2023-05-15 16:21:54.321[info] app start
2023-05-15 16:21:54.375[info] DB connection success
2023-05-15 16:21:54.386[info] Sequelize sync success
2023-05-15 16:21:56.265[info] (post.reg.params) {"title":"조승민의 첫번째 게시글","content":"게시글 내용"}
2023-05-15 16:21:56.272[debug] (postService.reg) {"viewCount":0,"id":20,"title":"조승민의 첫번째 게시글","content":"게시글 내용","updatedAt":"2023-05-15T07:21:56.267Z","createdAt":"2023-05-15T07:21:56.267Z"}
2023-05-15 16:21:56.272[info] (post.reg.result) {"viewCount":0,"id":20,"title":"조승민의 첫번째 게시글","content":"게시글 내용","updatedAt":"2023-05-15T07:21:56.267Z","createdAt":"2023-05-15T07:21:56.267Z"}
2023-05-15 16:22:03.592[info] app start
2023-05-15 16:22:03.648[info] DB connection success
2023-05-15 16:22:03.659[info] Sequelize sync success
2023-05-15 16:22:05.265[info] (post.reg.params) {"title":"조승민의 첫번째 게시글","content":"게시글 내용"}
2023-05-15 16:22:05.272[debug] (postService.reg) {"viewCount":0,"id":21,"title":"조승민의 첫번째 게시글","content":"게시글 내용","updatedAt":"2023-05-15T07:22:05.267Z","createdAt":"2023-05-15T07:22:05.267Z"}
2023-05-15 16:22:05.273[info] (post.reg.result) {"viewCount":0,"id":21,"title":"조승민의 첫번째 게시글","content":"게시글 내용","updatedAt":"2023-05-15T07:22:05.267Z","createdAt":"2023-05-15T07:22:05.267Z"}
2023-05-15 16:22:53.071[info] app start
2023-05-15 16:22:53.126[info] DB connection success
2023-05-15 16:22:53.135[info] Sequelize sync success
2023-05-15 16:22:53.906[info] (post.reg.params) {"title":"조승민의 첫번째 게시글","content":"게시글 내용"}
2023-05-15 16:22:53.913[debug] (postService.reg) {"viewCount":0,"id":22,"title":"조승민의 첫번째 게시글","content":"게시글 내용","updatedAt":"2023-05-15T07:22:53.907Z","createdAt":"2023-05-15T07:22:53.907Z"}
2023-05-15 16:22:53.913[info] (post.reg.result) {"viewCount":0,"id":22,"title":"조승민의 첫번째 게시글","content":"게시글 내용","updatedAt":"2023-05-15T07:22:53.907Z","createdAt":"2023-05-15T07:22:53.907Z"}
2023-05-15 16:23:00.124[info] app start
2023-05-15 16:23:00.177[info] DB connection success
2023-05-15 16:23:00.185[info] Sequelize sync success
2023-05-15 16:23:36.254[info] app start
2023-05-15 16:23:36.309[info] DB connection success
2023-05-15 16:23:36.319[info] Sequelize sync success
2023-05-15 16:23:38.346[info] (post.reg.params) {"title":"조승민의 첫번째 게시글","content":"게시글 내용"}
2023-05-15 16:23:38.364[debug] (postService.reg) {"viewCount":0,"id":23,"title":"조승민의 첫번째 게시글","content":"게시글 내용","updatedAt":"2023-05-15T07:23:38.348Z","createdAt":"2023-05-15T07:23:38.348Z"}
2023-05-15 16:23:38.365[info] (post.reg.result) {"viewCount":0,"id":23,"title":"조승민의 첫번째 게시글","content":"게시글 내용","updatedAt":"2023-05-15T07:23:38.348Z","createdAt":"2023-05-15T07:23:38.348Z"}
2023-05-15 16:23:47.174[info] app start
2023-05-15 16:23:47.236[info] DB connection success
2023-05-15 16:23:47.244[info] Sequelize sync success
2023-05-15 16:23:48.310[info] (post.reg.params) {"title":"조승민의 첫번째 게시글","content":"게시글 내용"}
2023-05-15 16:23:48.320[debug] (postService.reg) {"viewCount":0,"id":24,"title":"조승민의 첫번째 게시글","content":"게시글 내용","updatedAt":"2023-05-15T07:23:48.311Z","createdAt":"2023-05-15T07:23:48.311Z"}
2023-05-15 16:23:48.320[info] (post.reg.result) {"viewCount":0,"id":24,"title":"조승민의 첫번째 게시글","content":"게시글 내용","updatedAt":"2023-05-15T07:23:48.311Z","createdAt":"2023-05-15T07:23:48.311Z"}
2023-05-15 16:24:01.911[info] app start
2023-05-15 16:24:01.967[info] DB connection success
2023-05-15 16:24:01.975[info] Sequelize sync success
2023-05-15 16:24:03.300[info] (post.reg.params) {"title":"조승민의 첫번째 게시글","content":"게시글 내용"}
2023-05-15 16:24:03.307[debug] (postService.reg) {"viewCount":0,"id":25,"title":"조승민의 첫번째 게시글","content":"게시글 내용","updatedAt":"2023-05-15T07:24:03.301Z","createdAt":"2023-05-15T07:24:03.301Z"}
2023-05-15 16:24:03.307[info] (post.reg.result) {"viewCount":0,"id":25,"title":"조승민의 첫번째 게시글","content":"게시글 내용","updatedAt":"2023-05-15T07:24:03.301Z","createdAt":"2023-05-15T07:24:03.301Z"}
2023-05-15 16:24:05.804[info] app start
2023-05-15 16:24:05.860[info] DB connection success
2023-05-15 16:24:05.870[info] Sequelize sync success
2023-05-15 16:24:06.675[info] (post.reg.params) {"title":"조승민의 첫번째 게시글","content":"게시글 내용"}
2023-05-15 16:24:06.682[debug] (postService.reg) {"viewCount":0,"id":26,"title":"조승민의 첫번째 게시글","content":"게시글 내용","updatedAt":"2023-05-15T07:24:06.676Z","createdAt":"2023-05-15T07:24:06.676Z"}
2023-05-15 16:24:06.682[info] (post.reg.result) {"viewCount":0,"id":26,"title":"조승민의 첫번째 게시글","content":"게시글 내용","updatedAt":"2023-05-15T07:24:06.676Z","createdAt":"2023-05-15T07:24:06.676Z"}
2023-05-15 16:24:30.680[info] app start
2023-05-15 16:24:30.732[info] DB connection success
2023-05-15 16:24:30.741[info] Sequelize sync success
2023-05-15 16:24:35.823[info] app start
2023-05-15 16:24:35.878[info] DB connection success
2023-05-15 16:24:35.887[info] Sequelize sync success
2023-05-15 16:24:38.197[info] (post.reg.params) {"title":"조승민의 첫번째 게시글","content":"게시글 내용","userId":"3"}
2023-05-15 16:24:38.203[debug] (postService.reg) {"viewCount":0,"id":27,"title":"조승민의 첫번째 게시글","content":"게시글 내용","userId":"3","updatedAt":"2023-05-15T07:24:38.198Z","createdAt":"2023-05-15T07:24:38.198Z"}
2023-05-15 16:24:38.204[info] (post.reg.result) {"viewCount":0,"id":27,"title":"조승민의 첫번째 게시글","content":"게시글 내용","userId":"3","updatedAt":"2023-05-15T07:24:38.198Z","createdAt":"2023-05-15T07:24:38.198Z"}
2023-05-15 16:24:49.631[info] (post.reg.params) {"title":"조승민의 첫번째 게시글","content":"게시글 내용","userId":"3"}
2023-05-15 16:24:49.639[debug] (postService.reg) {"viewCount":0,"id":28,"title":"조승민의 첫번째 게시글","content":"게시글 내용","userId":"3","updatedAt":"2023-05-15T07:24:49.632Z","createdAt":"2023-05-15T07:24:49.632Z"}
2023-05-15 16:24:49.639[info] (post.reg.result) {"viewCount":0,"id":28,"title":"조승민의 첫번째 게시글","content":"게시글 내용","userId":"3","updatedAt":"2023-05-15T07:24:49.632Z","createdAt":"2023-05-15T07:24:49.632Z"}
2023-05-15 16:24:55.609[info] app start
2023-05-15 16:24:55.664[info] DB connection success
2023-05-15 16:24:55.674[info] Sequelize sync success
2023-05-15 16:31:03.544[info] app start
2023-05-15 16:31:03.599[info] DB connection success
2023-05-15 16:31:03.609[info] Sequelize sync success
